<?xml version="1.0" encoding="UTF-8"?>
<testng-results ignored="0" total="2" passed="2" failed="0" skipped="0">
  <reporter-output>
  </reporter-output>
  <suite started-at="2018-08-26T05:19:48Z" name="Regression" finished-at="2018-08-26T05:20:51Z" duration-ms="62423">
    <groups>
    </groups>
    <test started-at="2018-08-26T05:19:48Z" name="chromeTests" finished-at="2018-08-26T05:20:51Z" duration-ms="62423">
      <class name="tests.TestSuite">
        <test-method is-config="true" signature="startBrowser(java.lang.String)[pri:0, instance:tests.TestSuite@4c1909a3]" started-at="2018-08-26T05:19:48Z" name="startBrowser" finished-at="2018-08-26T05:20:01Z" duration-ms="12567" status="PASS">
          <params>
            <param index="0">
              <value>
                <![CDATA[chrome]]>
              </value>
            </param>
          </params>
          <reporter-output>
          </reporter-output>
        </test-method> <!-- startBrowser -->
        <test-method signature="testSearchProduct()[pri:1, instance:tests.TestSuite@4c1909a3]" started-at="2018-08-26T05:20:01Z" name="testSearchProduct" description="Test to search first product" finished-at="2018-08-26T05:20:04Z" duration-ms="3510" status="PASS">
          <reporter-output>
          </reporter-output>
        </test-method> <!-- testSearchProduct -->
        <test-method signature="testAddProductToCart()[pri:2, instance:tests.TestSuite@4c1909a3]" started-at="2018-08-26T05:20:04Z" name="testAddProductToCart" description="Test to add first product to cart" finished-at="2018-08-26T05:20:48Z" depends-on-methods="tests.TestSuite.testSearchProduct" duration-ms="44182" status="PASS">
          <reporter-output>
          </reporter-output>
        </test-method> <!-- testAddProductToCart -->
        <test-method is-config="true" signature="closeBrowser()[pri:0, instance:tests.TestSuite@4c1909a3]" started-at="2018-08-26T05:20:48Z" name="closeBrowser" finished-at="2018-08-26T05:20:51Z" duration-ms="2135" status="PASS">
          <reporter-output>
          </reporter-output>
        </test-method> <!-- closeBrowser -->
      </class> <!-- tests.TestSuite -->
    </test> <!-- chromeTests -->
  </suite> <!-- Regression -->
</testng-results>
